# JRE version: Java(TM) SE Runtime Environment (17.0.10+11) (build 17.0.10+11-LTS-240)
# Java VM: Java HotSpot(TM) 64-Bit Server VM (17.0.10+11-LTS-240, mixed mode, sharing, tiered, compressed oops, compressed class ptrs, g1 gc, windows-amd64)
GC Precious Log:
 CPUs: 20 total, 20 available
 Memory: 24195M
 Large Page Support: Disabled
 NUMA Support: Disabled
 Compressed Oops: Enabled (Zero based)
 Heap Region Size: 4M
 Heap Min Capacity: 8M
 Heap Initial Capacity: 380M
 Heap Max Capacity: 6052M
 Pre-touch: Disabled
 Parallel Workers: 15
 Concurrent Workers: 4
 Concurrent Refinement Workers: 15
 Periodic GC: Disabled
Heap:
 garbage-first heap   total 253952K, used 95777K [0x0000000685c00000, 0x0000000800000000)
  region size 4096K, 2 young (8192K), 2 survivors (8192K)
 Metaspace       used 73226K, committed 73792K, reserved 1114112K
  class space    used 10218K, committed 10496K, reserved 1048576K
GC Heap History (20 events):
Event: 4.397 GC heap after
{Heap after GC invocations=12 (full 0):
 garbage-first heap   total 237568K, used 25902K [0x0000000685c00000, 0x0000000800000000)
  region size 4096K, 2 young (8192K), 2 survivors (8192K)
 Metaspace       used 45391K, committed 45824K, reserved 1114112K
  class space    used 6020K, committed 6208K, reserved 1048576K
}
Event: 5.443 GC heap before
{Heap before GC invocations=12 (full 0):
 garbage-first heap   total 237568K, used 103726K [0x0000000685c00000, 0x0000000800000000)
  region size 4096K, 22 young (90112K), 2 survivors (8192K)
 Metaspace       used 60118K, committed 60608K, reserved 1114112K
  class space    used 8128K, committed 8384K, reserved 1048576K
}
Event: 5.447 GC heap after
{Heap after GC invocations=13 (full 0):
 garbage-first heap   total 237568K, used 29189K [0x0000000685c00000, 0x0000000800000000)
  region size 4096K, 3 young (12288K), 3 survivors (12288K)
 Metaspace       used 60118K, committed 60608K, reserved 1114112K
  class space    used 8128K, committed 8384K, reserved 1048576K
}
Event: 6.463 GC heap before
{Heap before GC invocations=14 (full 0):
 garbage-first heap   total 122880K, used 90629K [0x0000000685c00000, 0x0000000800000000)
  region size 4096K, 18 young (73728K), 3 survivors (12288K)
 Metaspace       used 67829K, committed 68416K, reserved 1114112K
  class space    used 9381K, committed 9664K, reserved 1048576K
}
Event: 6.471 GC heap after
{Heap after GC invocations=15 (full 0):
 garbage-first heap   total 122880K, used 35741K [0x0000000685c00000, 0x0000000800000000)
  region size 4096K, 3 young (12288K), 3 survivors (12288K)
 Metaspace       used 67829K, committed 68416K, reserved 1114112K
  class space    used 9381K, committed 9664K, reserved 1048576K
}
Event: 6.480 GC heap before
{Heap before GC invocations=15 (full 0):
 garbage-first heap   total 122880K, used 39837K [0x0000000685c00000, 0x0000000800000000)
  region size 4096K, 4 young (16384K), 3 survivors (12288K)
 Metaspace       used 67831K, committed 68416K, reserved 1114112K
  class space    used 9381K, committed 9664K, reserved 1048576K
}
Event: 6.485 GC heap after
{Heap after GC invocations=16 (full 0):
 garbage-first heap   total 122880K, used 37286K [0x0000000685c00000, 0x0000000800000000)
  region size 4096K, 1 young (4096K), 1 survivors (4096K)
 Metaspace       used 67831K, committed 68416K, reserved 1114112K
  class space    used 9381K, committed 9664K, reserved 1048576K
}
Event: 6.606 GC heap before
{Heap before GC invocations=16 (full 0):
 garbage-first heap   total 122880K, used 90534K [0x0000000685c00000, 0x0000000800000000)
  region size 4096K, 14 young (57344K), 1 survivors (4096K)
 Metaspace       used 67835K, committed 68416K, reserved 1114112K
  class space    used 9381K, committed 9664K, reserved 1048576K
}
Event: 6.612 GC heap after
{Heap after GC invocations=17 (full 0):
 garbage-first heap   total 122880K, used 54804K [0x0000000685c00000, 0x0000000800000000)
  region size 4096K, 2 young (8192K), 2 survivors (8192K)
 Metaspace       used 67835K, committed 68416K, reserved 1114112K
  class space    used 9381K, committed 9664K, reserved 1048576K
}
Event: 6.662 GC heap before
{Heap before GC invocations=17 (full 0):
 garbage-first heap   total 122880K, used 87572K [0x0000000685c00000, 0x0000000800000000)
  region size 4096K, 10 young (40960K), 2 survivors (8192K)
 Metaspace       used 67858K, committed 68480K, reserved 1114112K
  class space    used 9381K, committed 9664K, reserved 1048576K
}
Event: 6.667 GC heap after
{Heap after GC invocations=18 (full 0):
 garbage-first heap   total 122880K, used 57483K [0x0000000685c00000, 0x0000000800000000)
  region size 4096K, 1 young (4096K), 1 survivors (4096K)
 Metaspace       used 67858K, committed 68480K, reserved 1114112K
  class space    used 9381K, committed 9664K, reserved 1048576K
}
Event: 6.828 GC heap before
{Heap before GC invocations=18 (full 0):
 garbage-first heap   total 122880K, used 90251K [0x0000000685c00000, 0x0000000800000000)
  region size 4096K, 9 young (36864K), 1 survivors (4096K)
 Metaspace       used 69628K, committed 70208K, reserved 1114112K
  class space    used 9759K, committed 10048K, reserved 1048576K
}
Event: 6.830 GC heap after
{Heap after GC invocations=19 (full 0):
 garbage-first heap   total 253952K, used 57500K [0x0000000685c00000, 0x0000000800000000)
  region size 4096K, 1 young (4096K), 1 survivors (4096K)
 Metaspace       used 69628K, committed 70208K, reserved 1114112K
  class space    used 9759K, committed 10048K, reserved 1048576K
}
Event: 6.965 GC heap before
{Heap before GC invocations=20 (full 0):
 garbage-first heap   total 233472K, used 168092K [0x0000000685c00000, 0x0000000800000000)
  region size 4096K, 29 young (118784K), 1 survivors (4096K)
 Metaspace       used 69631K, committed 70208K, reserved 1114112K
  class space    used 9759K, committed 10048K, reserved 1048576K
}
Event: 6.980 GC heap after
{Heap after GC invocations=21 (full 0):
 garbage-first heap   total 233472K, used 92511K [0x0000000685c00000, 0x0000000800000000)
  region size 4096K, 4 young (16384K), 4 survivors (16384K)
 Metaspace       used 69631K, committed 70208K, reserved 1114112K
  class space    used 9759K, committed 10048K, reserved 1048576K
}
Event: 6.983 GC heap before
{Heap before GC invocations=21 (full 0):
 garbage-first heap   total 233472K, used 96607K [0x0000000685c00000, 0x0000000800000000)
  region size 4096K, 5 young (20480K), 4 survivors (16384K)
 Metaspace       used 69631K, committed 70208K, reserved 1114112K
  class space    used 9759K, committed 10048K, reserved 1048576K
}
Event: 6.989 GC heap after
{Heap after GC invocations=22 (full 0):
 garbage-first heap   total 233472K, used 91489K [0x0000000685c00000, 0x0000000800000000)
  region size 4096K, 1 young (4096K), 1 survivors (4096K)
 Metaspace       used 69631K, committed 70208K, reserved 1114112K
  class space    used 9759K, committed 10048K, reserved 1048576K
}
Event: 7.039 GC heap before
{Heap before GC invocations=22 (full 0):
 garbage-first heap   total 233472K, used 157025K [0x0000000685c00000, 0x0000000800000000)
  region size 4096K, 17 young (69632K), 1 survivors (4096K)
 Metaspace       used 69633K, committed 70208K, reserved 1114112K
  class space    used 9759K, committed 10048K, reserved 1048576K
}
Event: 7.045 GC heap after
{Heap after GC invocations=23 (full 0):
 garbage-first heap   total 233472K, used 96273K [0x0000000685c00000, 0x0000000800000000)
  region size 4096K, 2 young (8192K), 2 survivors (8192K)
 Metaspace       used 69633K, committed 70208K, reserved 1114112K
  class space    used 9759K, committed 10048K, reserved 1048576K
}
Event: 7.706 GC heap before
{Heap before GC invocations=23 (full 0):
 garbage-first heap   total 233472K, used 161809K [0x0000000685c00000, 0x0000000800000000)
  region size 4096K, 18 young (73728K), 2 survivors (8192K)
 Metaspace       used 73226K, committed 73792K, reserved 1114112K
  class space    used 10218K, committed 10496K, reserved 1048576K
}

