# JRE version: Java(TM) SE Runtime Environment (17.0.10+11) (build 17.0.10+11-LTS-240)
# Java VM: Java HotSpot(TM) 64-Bit Server VM (17.0.10+11-LTS-240, mixed mode, sharing, tiered, compressed oops, compressed class ptrs, g1 gc, windows-amd64)
GC Precious Log:
 CPUs: 20 total, 20 available
 Memory: 24195M
 Large Page Support: Disabled
 NUMA Support: Disabled
 Compressed Oops: Enabled (Zero based)
 Heap Region Size: 4M
 Heap Min Capacity: 8M
 Heap Initial Capacity: 380M
 Heap Max Capacity: 6052M
 Pre-touch: Disabled
 Parallel Workers: 15
 Concurrent Workers: 4
 Concurrent Refinement Workers: 15
 Periodic GC: Disabled
Heap:
 garbage-first heap   total 569344K, used 126096K [0x0000000685c00000, 0x0000000800000000)
  region size 4096K, 11 young (45056K), 3 survivors (12288K)
 Metaspace       used 78477K, committed 79104K, reserved 1179648K
  class space    used 10988K, committed 11264K, reserved 1048576K
GC Heap History (20 events):
Event: 4.650 GC heap before
{Heap before GC invocations=11 (full 0):
 garbage-first heap   total 237568K, used 103290K [0x0000000685c00000, 0x0000000800000000)
  region size 4096K, 22 young (90112K), 2 survivors (8192K)
 Metaspace       used 59797K, committed 60288K, reserved 1114112K
  class space    used 8076K, committed 8320K, reserved 1048576K
}
Event: 4.654 GC heap after
{Heap after GC invocations=12 (full 0):
 garbage-first heap   total 237568K, used 28703K [0x0000000685c00000, 0x0000000800000000)
  region size 4096K, 3 young (12288K), 3 survivors (12288K)
 Metaspace       used 59797K, committed 60288K, reserved 1114112K
  class space    used 8076K, committed 8320K, reserved 1048576K
}
Event: 5.574 GC heap before
{Heap before GC invocations=13 (full 0):
 garbage-first heap   total 122880K, used 90143K [0x0000000685c00000, 0x0000000800000000)
  region size 4096K, 18 young (73728K), 3 survivors (12288K)
 Metaspace       used 67360K, committed 67968K, reserved 1114112K
  class space    used 9306K, committed 9600K, reserved 1048576K
}
Event: 5.579 GC heap after
{Heap after GC invocations=14 (full 0):
 garbage-first heap   total 122880K, used 35649K [0x0000000685c00000, 0x0000000800000000)
  region size 4096K, 3 young (12288K), 3 survivors (12288K)
 Metaspace       used 67360K, committed 67968K, reserved 1114112K
  class space    used 9306K, committed 9600K, reserved 1048576K
}
Event: 5.589 GC heap before
{Heap before GC invocations=14 (full 0):
 garbage-first heap   total 122880K, used 39745K [0x0000000685c00000, 0x0000000800000000)
  region size 4096K, 4 young (16384K), 3 survivors (12288K)
 Metaspace       used 67360K, committed 67968K, reserved 1114112K
  class space    used 9306K, committed 9600K, reserved 1048576K
}
Event: 5.595 GC heap after
{Heap after GC invocations=15 (full 0):
 garbage-first heap   total 122880K, used 38463K [0x0000000685c00000, 0x0000000800000000)
  region size 4096K, 1 young (4096K), 1 survivors (4096K)
 Metaspace       used 67360K, committed 67968K, reserved 1114112K
  class space    used 9306K, committed 9600K, reserved 1048576K
}
Event: 5.697 GC heap before
{Heap before GC invocations=15 (full 0):
 garbage-first heap   total 122880K, used 91711K [0x0000000685c00000, 0x0000000800000000)
  region size 4096K, 14 young (57344K), 1 survivors (4096K)
 Metaspace       used 67366K, committed 67968K, reserved 1114112K
  class space    used 9306K, committed 9600K, reserved 1048576K
}
Event: 5.703 GC heap after
{Heap after GC invocations=16 (full 0):
 garbage-first heap   total 122880K, used 55136K [0x0000000685c00000, 0x0000000800000000)
  region size 4096K, 2 young (8192K), 2 survivors (8192K)
 Metaspace       used 67366K, committed 67968K, reserved 1114112K
  class space    used 9306K, committed 9600K, reserved 1048576K
}
Event: 5.774 GC heap before
{Heap before GC invocations=16 (full 0):
 garbage-first heap   total 122880K, used 87904K [0x0000000685c00000, 0x0000000800000000)
  region size 4096K, 10 young (40960K), 2 survivors (8192K)
 Metaspace       used 67392K, committed 68032K, reserved 1114112K
  class space    used 9306K, committed 9600K, reserved 1048576K
}
Event: 5.778 GC heap after
{Heap after GC invocations=17 (full 0):
 garbage-first heap   total 122880K, used 57956K [0x0000000685c00000, 0x0000000800000000)
  region size 4096K, 1 young (4096K), 1 survivors (4096K)
 Metaspace       used 67392K, committed 68032K, reserved 1114112K
  class space    used 9306K, committed 9600K, reserved 1048576K
}
Event: 5.994 GC heap before
{Heap before GC invocations=17 (full 0):
 garbage-first heap   total 122880K, used 86628K [0x0000000685c00000, 0x0000000800000000)
  region size 4096K, 9 young (36864K), 1 survivors (4096K)
 Metaspace       used 69154K, committed 69760K, reserved 1114112K
  class space    used 9683K, committed 9984K, reserved 1048576K
}
Event: 5.996 GC heap after
{Heap after GC invocations=18 (full 0):
 garbage-first heap   total 249856K, used 58176K [0x0000000685c00000, 0x0000000800000000)
  region size 4096K, 1 young (4096K), 1 survivors (4096K)
 Metaspace       used 69154K, committed 69760K, reserved 1114112K
  class space    used 9683K, committed 9984K, reserved 1048576K
}
Event: 6.149 GC heap before
{Heap before GC invocations=19 (full 0):
 garbage-first heap   total 245760K, used 172864K [0x0000000685c00000, 0x0000000800000000)
  region size 4096K, 29 young (118784K), 1 survivors (4096K)
 Metaspace       used 69157K, committed 69760K, reserved 1114112K
  class space    used 9683K, committed 9984K, reserved 1048576K
}
Event: 6.165 GC heap after
{Heap after GC invocations=20 (full 0):
 garbage-first heap   total 245760K, used 97682K [0x0000000685c00000, 0x0000000800000000)
  region size 4096K, 4 young (16384K), 4 survivors (16384K)
 Metaspace       used 69157K, committed 69760K, reserved 1114112K
  class space    used 9683K, committed 9984K, reserved 1048576K
}
Event: 6.172 GC heap before
{Heap before GC invocations=20 (full 0):
 garbage-first heap   total 245760K, used 101778K [0x0000000685c00000, 0x0000000800000000)
  region size 4096K, 5 young (20480K), 4 survivors (16384K)
 Metaspace       used 69157K, committed 69760K, reserved 1114112K
  class space    used 9683K, committed 9984K, reserved 1048576K
}
Event: 6.178 GC heap after
{Heap after GC invocations=21 (full 0):
 garbage-first heap   total 245760K, used 90845K [0x0000000685c00000, 0x0000000800000000)
  region size 4096K, 1 young (4096K), 1 survivors (4096K)
 Metaspace       used 69157K, committed 69760K, reserved 1114112K
  class space    used 9683K, committed 9984K, reserved 1048576K
}
Event: 6.263 GC heap before
{Heap before GC invocations=21 (full 0):
 garbage-first heap   total 245760K, used 164573K [0x0000000685c00000, 0x0000000800000000)
  region size 4096K, 19 young (77824K), 1 survivors (4096K)
 Metaspace       used 69160K, committed 69760K, reserved 1114112K
  class space    used 9683K, committed 9984K, reserved 1048576K
}
Event: 6.268 GC heap after
{Heap after GC invocations=22 (full 0):
 garbage-first heap   total 245760K, used 92059K [0x0000000685c00000, 0x0000000800000000)
  region size 4096K, 2 young (8192K), 2 survivors (8192K)
 Metaspace       used 69160K, committed 69760K, reserved 1114112K
  class space    used 9683K, committed 9984K, reserved 1048576K
}
Event: 7.945 GC heap before
{Heap before GC invocations=22 (full 0):
 garbage-first heap   total 245760K, used 169883K [0x0000000685c00000, 0x0000000800000000)
  region size 4096K, 21 young (86016K), 2 survivors (8192K)
 Metaspace       used 77281K, committed 77952K, reserved 1179648K
  class space    used 10811K, committed 11136K, reserved 1048576K
}
Event: 7.951 GC heap after
{Heap after GC invocations=23 (full 0):
 garbage-first heap   total 569344K, used 97424K [0x0000000685c00000, 0x0000000800000000)
  region size 4096K, 3 young (12288K), 3 survivors (12288K)
 Metaspace       used 77281K, committed 77952K, reserved 1179648K
  class space    used 10811K, committed 11136K, reserved 1048576K
}

