# JRE version: Java(TM) SE Runtime Environment (17.0.10+11) (build 17.0.10+11-LTS-240)
# Java VM: Java HotSpot(TM) 64-Bit Server VM (17.0.10+11-LTS-240, mixed mode, sharing, tiered, compressed oops, compressed class ptrs, g1 gc, windows-amd64)
GC Precious Log:
 CPUs: 20 total, 20 available
 Memory: 24195M
 Large Page Support: Disabled
 NUMA Support: Disabled
 Compressed Oops: Enabled (Zero based)
 Heap Region Size: 4M
 Heap Min Capacity: 8M
 Heap Initial Capacity: 380M
 Heap Max Capacity: 6052M
 Pre-touch: Disabled
 Parallel Workers: 15
 Concurrent Workers: 4
 Concurrent Refinement Workers: 15
 Periodic GC: Disabled
Heap:
 garbage-first heap   total 151552K, used 46817K [0x0000000685c00000, 0x0000000800000000)
  region size 4096K, 2 young (8192K), 2 survivors (8192K)
 Metaspace       used 91398K, committed 92160K, reserved 1179648K
  class space    used 12341K, committed 12736K, reserved 1048576K
GC Heap History (20 events):
Event: 360.892 GC heap after
{Heap after GC invocations=31 (full 2):
 garbage-first heap   total 151552K, used 47149K [0x0000000685c00000, 0x0000000800000000)
  region size 4096K, 1 young (4096K), 1 survivors (4096K)
 Metaspace       used 87462K, committed 88192K, reserved 1179648K
  class space    used 12110K, committed 12480K, reserved 1048576K
}
Event: 361.102 GC heap before
{Heap before GC invocations=31 (full 2):
 garbage-first heap   total 151552K, used 100397K [0x0000000685c00000, 0x0000000800000000)
  region size 4096K, 14 young (57344K), 1 survivors (4096K)
 Metaspace       used 88342K, committed 89152K, reserved 1179648K
  class space    used 12157K, committed 12544K, reserved 1048576K
}
Event: 361.104 GC heap after
{Heap after GC invocations=32 (full 2):
 garbage-first heap   total 151552K, used 49186K [0x0000000685c00000, 0x0000000800000000)
  region size 4096K, 2 young (8192K), 2 survivors (8192K)
 Metaspace       used 88342K, committed 89152K, reserved 1179648K
  class space    used 12157K, committed 12544K, reserved 1048576K
}
Event: 421.588 GC heap before
{Heap before GC invocations=32 (full 2):
 garbage-first heap   total 151552K, used 102434K [0x0000000685c00000, 0x0000000800000000)
  region size 4096K, 15 young (61440K), 2 survivors (8192K)
 Metaspace       used 88634K, committed 89344K, reserved 1179648K
  class space    used 12175K, committed 12544K, reserved 1048576K
}
Event: 421.595 GC heap after
{Heap after GC invocations=33 (full 2):
 garbage-first heap   total 151552K, used 50563K [0x0000000685c00000, 0x0000000800000000)
  region size 4096K, 1 young (4096K), 1 survivors (4096K)
 Metaspace       used 88634K, committed 89344K, reserved 1179648K
  class space    used 12175K, committed 12544K, reserved 1048576K
}
Event: 579.803 GC heap before
{Heap before GC invocations=33 (full 2):
 garbage-first heap   total 151552K, used 66947K [0x0000000685c00000, 0x0000000800000000)
  region size 4096K, 6 young (24576K), 1 survivors (4096K)
 Metaspace       used 88665K, committed 89472K, reserved 1179648K
  class space    used 12176K, committed 12544K, reserved 1048576K
}
Event: 579.874 GC heap after
{Heap after GC invocations=34 (full 3):
 garbage-first heap   total 151552K, used 40443K [0x0000000685c00000, 0x0000000800000000)
  region size 4096K, 0 young (0K), 0 survivors (0K)
 Metaspace       used 88634K, committed 89472K, reserved 1179648K
  class space    used 12173K, committed 12544K, reserved 1048576K
}
Event: 579.879 GC heap before
{Heap before GC invocations=34 (full 3):
 garbage-first heap   total 151552K, used 40443K [0x0000000685c00000, 0x0000000800000000)
  region size 4096K, 1 young (4096K), 0 survivors (0K)
 Metaspace       used 88634K, committed 89472K, reserved 1179648K
  class space    used 12173K, committed 12544K, reserved 1048576K
}
Event: 579.923 GC heap after
{Heap after GC invocations=35 (full 4):
 garbage-first heap   total 151552K, used 40443K [0x0000000685c00000, 0x0000000800000000)
  region size 4096K, 0 young (0K), 0 survivors (0K)
 Metaspace       used 88634K, committed 89472K, reserved 1179648K
  class space    used 12173K, committed 12544K, reserved 1048576K
}
Event: 580.402 GC heap before
{Heap before GC invocations=35 (full 4):
 garbage-first heap   total 151552K, used 105979K [0x0000000685c00000, 0x0000000800000000)
  region size 4096K, 17 young (69632K), 0 survivors (0K)
 Metaspace       used 89294K, committed 90048K, reserved 1179648K
  class space    used 12222K, committed 12608K, reserved 1048576K
}
Event: 580.404 GC heap after
{Heap after GC invocations=36 (full 4):
 garbage-first heap   total 151552K, used 46233K [0x0000000685c00000, 0x0000000800000000)
  region size 4096K, 2 young (8192K), 2 survivors (8192K)
 Metaspace       used 89294K, committed 90048K, reserved 1179648K
  class space    used 12222K, committed 12608K, reserved 1048576K
}
Event: 580.991 GC heap before
{Heap before GC invocations=36 (full 4):
 garbage-first heap   total 151552K, used 107673K [0x0000000685c00000, 0x0000000800000000)
  region size 4096K, 17 young (69632K), 2 survivors (8192K)
 Metaspace       used 90183K, committed 90944K, reserved 1179648K
  class space    used 12270K, committed 12672K, reserved 1048576K
}
Event: 580.994 GC heap after
{Heap after GC invocations=37 (full 4):
 garbage-first heap   total 151552K, used 48545K [0x0000000685c00000, 0x0000000800000000)
  region size 4096K, 2 young (8192K), 2 survivors (8192K)
 Metaspace       used 90183K, committed 90944K, reserved 1179648K
  class space    used 12270K, committed 12672K, reserved 1048576K
}
Event: 581.204 GC heap before
{Heap before GC invocations=37 (full 4):
 garbage-first heap   total 151552K, used 114081K [0x0000000685c00000, 0x0000000800000000)
  region size 4096K, 18 young (73728K), 2 survivors (8192K)
 Metaspace       used 90674K, committed 91456K, reserved 1179648K
  class space    used 12295K, committed 12672K, reserved 1048576K
}
Event: 581.207 GC heap after
{Heap after GC invocations=38 (full 4):
 garbage-first heap   total 151552K, used 50956K [0x0000000685c00000, 0x0000000800000000)
  region size 4096K, 2 young (8192K), 2 survivors (8192K)
 Metaspace       used 90674K, committed 91456K, reserved 1179648K
  class space    used 12295K, committed 12672K, reserved 1048576K
}
Event: 582.828 GC heap before
{Heap before GC invocations=38 (full 4):
 garbage-first heap   total 151552K, used 59148K [0x0000000685c00000, 0x0000000800000000)
  region size 4096K, 5 young (20480K), 2 survivors (8192K)
 Metaspace       used 90695K, committed 91520K, reserved 1179648K
  class space    used 12295K, committed 12672K, reserved 1048576K
}
Event: 582.885 GC heap after
{Heap after GC invocations=39 (full 5):
 garbage-first heap   total 151552K, used 40720K [0x0000000685c00000, 0x0000000800000000)
  region size 4096K, 0 young (0K), 0 survivors (0K)
 Metaspace       used 90663K, committed 91520K, reserved 1179648K
  class space    used 12292K, committed 12672K, reserved 1048576K
}
Event: 582.886 GC heap before
{Heap before GC invocations=39 (full 5):
 garbage-first heap   total 151552K, used 40720K [0x0000000685c00000, 0x0000000800000000)
  region size 4096K, 1 young (4096K), 0 survivors (0K)
 Metaspace       used 90663K, committed 91520K, reserved 1179648K
  class space    used 12292K, committed 12672K, reserved 1048576K
}
Event: 582.931 GC heap after
{Heap after GC invocations=40 (full 6):
 garbage-first heap   total 151552K, used 40703K [0x0000000685c00000, 0x0000000800000000)
  region size 4096K, 0 young (0K), 0 survivors (0K)
 Metaspace       used 90663K, committed 91520K, reserved 1179648K
  class space    used 12292K, committed 12672K, reserved 1048576K
}
Event: 583.342 GC heap before
{Heap before GC invocations=40 (full 6):
 garbage-first heap   total 151552K, used 114431K [0x0000000685c00000, 0x0000000800000000)
  region size 4096K, 18 young (73728K), 0 survivors (0K)
 Metaspace       used 91398K, committed 92160K, reserved 1179648K
  class space    used 12341K, committed 12736K, reserved 1048576K
}

