# JRE version: Java(TM) SE Runtime Environment (17.0.10+11) (build 17.0.10+11-LTS-240)
# Java VM: Java HotSpot(TM) 64-Bit Server VM (17.0.10+11-LTS-240, mixed mode, sharing, tiered, compressed oops, compressed class ptrs, g1 gc, windows-amd64)
GC Precious Log:
 CPUs: 20 total, 20 available
 Memory: 24195M
 Large Page Support: Disabled
 NUMA Support: Disabled
 Compressed Oops: Enabled (Zero based)
 Heap Region Size: 4M
 Heap Min Capacity: 8M
 Heap Initial Capacity: 380M
 Heap Max Capacity: 6052M
 Pre-touch: Disabled
 Parallel Workers: 15
 Concurrent Workers: 4
 Concurrent Refinement Workers: 15
 Periodic GC: Disabled
Heap:
 garbage-first heap   total 110592K, used 55864K [0x0000000685c00000, 0x0000000800000000)
  region size 4096K, 1 young (4096K), 1 survivors (4096K)
 Metaspace       used 67696K, committed 68288K, reserved 1114112K
  class space    used 9366K, committed 9664K, reserved 1048576K
GC Heap History (20 events):
Event: 10.194 GC heap after
{Heap after GC invocations=13 (full 0):
 garbage-first heap   total 81920K, used 28063K [0x0000000685c00000, 0x0000000800000000)
  region size 4096K, 2 young (8192K), 2 survivors (8192K)
 Metaspace       used 52149K, committed 52608K, reserved 1114112K
  class space    used 6907K, committed 7104K, reserved 1048576K
}
Event: 10.518 GC heap before
{Heap before GC invocations=13 (full 0):
 garbage-first heap   total 81920K, used 56735K [0x0000000685c00000, 0x0000000800000000)
  region size 4096K, 9 young (36864K), 2 survivors (8192K)
 Metaspace       used 57773K, committed 58304K, reserved 1114112K
  class space    used 7832K, committed 8064K, reserved 1048576K
}
Event: 10.520 GC heap after
{Heap after GC invocations=14 (full 0):
 garbage-first heap   total 81920K, used 29209K [0x0000000685c00000, 0x0000000800000000)
  region size 4096K, 1 young (4096K), 1 survivors (4096K)
 Metaspace       used 57773K, committed 58304K, reserved 1114112K
  class space    used 7832K, committed 8064K, reserved 1048576K
}
Event: 10.697 GC heap before
{Heap before GC invocations=14 (full 0):
 garbage-first heap   total 81920K, used 45593K [0x0000000685c00000, 0x0000000800000000)
  region size 4096K, 6 young (24576K), 1 survivors (4096K)
 Metaspace       used 60106K, committed 60608K, reserved 1114112K
  class space    used 8139K, committed 8384K, reserved 1048576K
}
Event: 10.699 GC heap after
{Heap after GC invocations=15 (full 0):
 garbage-first heap   total 81920K, used 29460K [0x0000000685c00000, 0x0000000800000000)
  region size 4096K, 1 young (4096K), 1 survivors (4096K)
 Metaspace       used 60106K, committed 60608K, reserved 1114112K
  class space    used 8139K, committed 8384K, reserved 1048576K
}
Event: 11.821 GC heap before
{Heap before GC invocations=16 (full 0):
 garbage-first heap   total 81920K, used 62228K [0x0000000685c00000, 0x0000000800000000)
  region size 4096K, 9 young (36864K), 1 survivors (4096K)
 Metaspace       used 66013K, committed 66560K, reserved 1114112K
  class space    used 8975K, committed 9280K, reserved 1048576K
}
Event: 11.824 GC heap after
{Heap after GC invocations=17 (full 0):
 garbage-first heap   total 81920K, used 31588K [0x0000000685c00000, 0x0000000800000000)
  region size 4096K, 2 young (8192K), 2 survivors (8192K)
 Metaspace       used 66013K, committed 66560K, reserved 1114112K
  class space    used 8975K, committed 9280K, reserved 1048576K
}
Event: 11.992 GC heap before
{Heap before GC invocations=17 (full 0):
 garbage-first heap   total 81920K, used 60260K [0x0000000685c00000, 0x0000000800000000)
  region size 4096K, 9 young (36864K), 2 survivors (8192K)
 Metaspace       used 67692K, committed 68288K, reserved 1114112K
  class space    used 9366K, committed 9664K, reserved 1048576K
}
Event: 11.996 GC heap after
{Heap after GC invocations=18 (full 0):
 garbage-first heap   total 81920K, used 35945K [0x0000000685c00000, 0x0000000800000000)
  region size 4096K, 2 young (8192K), 2 survivors (8192K)
 Metaspace       used 67692K, committed 68288K, reserved 1114112K
  class space    used 9366K, committed 9664K, reserved 1048576K
}
Event: 12.039 GC heap before
{Heap before GC invocations=18 (full 0):
 garbage-first heap   total 81920K, used 60521K [0x0000000685c00000, 0x0000000800000000)
  region size 4096K, 8 young (32768K), 2 survivors (8192K)
 Metaspace       used 67694K, committed 68288K, reserved 1114112K
  class space    used 9366K, committed 9664K, reserved 1048576K
}
Event: 12.044 GC heap after
{Heap after GC invocations=19 (full 0):
 garbage-first heap   total 81920K, used 44610K [0x0000000685c00000, 0x0000000800000000)
  region size 4096K, 1 young (4096K), 1 survivors (4096K)
 Metaspace       used 67694K, committed 68288K, reserved 1114112K
  class space    used 9366K, committed 9664K, reserved 1048576K
}
Event: 12.075 GC heap before
{Heap before GC invocations=19 (full 0):
 garbage-first heap   total 81920K, used 60994K [0x0000000685c00000, 0x0000000800000000)
  region size 4096K, 5 young (20480K), 1 survivors (4096K)
 Metaspace       used 67694K, committed 68288K, reserved 1114112K
  class space    used 9366K, committed 9664K, reserved 1048576K
}
Event: 12.079 GC heap after
{Heap after GC invocations=20 (full 0):
 garbage-first heap   total 81920K, used 52204K [0x0000000685c00000, 0x0000000800000000)
  region size 4096K, 1 young (4096K), 1 survivors (4096K)
 Metaspace       used 67694K, committed 68288K, reserved 1114112K
  class space    used 9366K, committed 9664K, reserved 1048576K
}
Event: 12.105 GC heap before
{Heap before GC invocations=21 (full 0):
 garbage-first heap   total 102400K, used 60396K [0x0000000685c00000, 0x0000000800000000)
  region size 4096K, 3 young (12288K), 1 survivors (4096K)
 Metaspace       used 67694K, committed 68288K, reserved 1114112K
  class space    used 9366K, committed 9664K, reserved 1048576K
}
Event: 12.108 GC heap after
{Heap after GC invocations=22 (full 0):
 garbage-first heap   total 102400K, used 54713K [0x0000000685c00000, 0x0000000800000000)
  region size 4096K, 1 young (4096K), 1 survivors (4096K)
 Metaspace       used 67694K, committed 68288K, reserved 1114112K
  class space    used 9366K, committed 9664K, reserved 1048576K
}
Event: 12.141 GC heap before
{Heap before GC invocations=22 (full 0):
 garbage-first heap   total 102400K, used 71097K [0x0000000685c00000, 0x0000000800000000)
  region size 4096K, 5 young (20480K), 1 survivors (4096K)
 Metaspace       used 67696K, committed 68288K, reserved 1114112K
  class space    used 9366K, committed 9664K, reserved 1048576K
}
Event: 12.143 GC heap after
{Heap after GC invocations=23 (full 0):
 garbage-first heap   total 102400K, used 54759K [0x0000000685c00000, 0x0000000800000000)
  region size 4096K, 1 young (4096K), 1 survivors (4096K)
 Metaspace       used 67696K, committed 68288K, reserved 1114112K
  class space    used 9366K, committed 9664K, reserved 1048576K
}
Event: 12.203 GC heap before
{Heap before GC invocations=24 (full 0):
 garbage-first heap   total 110592K, used 71143K [0x0000000685c00000, 0x0000000800000000)
  region size 4096K, 5 young (20480K), 1 survivors (4096K)
 Metaspace       used 67696K, committed 68288K, reserved 1114112K
  class space    used 9366K, committed 9664K, reserved 1048576K
}
Event: 12.206 GC heap after
{Heap after GC invocations=25 (full 0):
 garbage-first heap   total 110592K, used 56767K [0x0000000685c00000, 0x0000000800000000)
  region size 4096K, 1 young (4096K), 1 survivors (4096K)
 Metaspace       used 67696K, committed 68288K, reserved 1114112K
  class space    used 9366K, committed 9664K, reserved 1048576K
}
Event: 12.213 GC heap before
{Heap before GC invocations=25 (full 0):
 garbage-first heap   total 110592K, used 60863K [0x0000000685c00000, 0x0000000800000000)
  region size 4096K, 2 young (8192K), 1 survivors (4096K)
 Metaspace       used 67696K, committed 68288K, reserved 1114112K
  class space    used 9366K, committed 9664K, reserved 1048576K
}

