# JRE version: Java(TM) SE Runtime Environment (17.0.10+11) (build 17.0.10+11-LTS-240)
# Java VM: Java HotSpot(TM) 64-Bit Server VM (17.0.10+11-LTS-240, mixed mode, sharing, tiered, compressed oops, compressed class ptrs, g1 gc, windows-amd64)
GC Precious Log:
 CPUs: 20 total, 20 available
 Memory: 24195M
 Large Page Support: Disabled
 NUMA Support: Disabled
 Compressed Oops: Enabled (Zero based)
 Heap Region Size: 4M
 Heap Min Capacity: 8M
 Heap Initial Capacity: 380M
 Heap Max Capacity: 6052M
 Pre-touch: Disabled
 Parallel Workers: 15
 Concurrent Workers: 4
 Concurrent Refinement Workers: 15
 Periodic GC: Disabled
Heap:
 garbage-first heap   total 409600K, used 295968K [0x0000000685c00000, 0x0000000800000000)
  region size 4096K, 50 young (204800K), 4 survivors (16384K)
 Metaspace       used 86630K, committed 87360K, reserved 1179648K
  class space    used 12077K, committed 12416K, reserved 1048576K
GC Heap History (20 events):
Event: 6.597 GC heap before
{Heap before GC invocations=19 (full 0):
 garbage-first heap   total 139264K, used 93837K [0x0000000685c00000, 0x0000000800000000)
  region size 4096K, 14 young (57344K), 3 survivors (12288K)
 Metaspace       used 71464K, committed 72064K, reserved 1114112K
  class space    used 9993K, committed 10304K, reserved 1048576K
}
Event: 6.602 GC heap after
{Heap after GC invocations=20 (full 0):
 garbage-first heap   total 139264K, used 57279K [0x0000000685c00000, 0x0000000800000000)
  region size 4096K, 2 young (8192K), 2 survivors (8192K)
 Metaspace       used 71464K, committed 72064K, reserved 1114112K
  class space    used 9993K, committed 10304K, reserved 1048576K
}
Event: 6.674 GC heap before
{Heap before GC invocations=20 (full 0):
 garbage-first heap   total 139264K, used 94143K [0x0000000685c00000, 0x0000000800000000)
  region size 4096K, 11 young (45056K), 2 survivors (8192K)
 Metaspace       used 71504K, committed 72128K, reserved 1114112K
  class space    used 9995K, committed 10304K, reserved 1048576K
}
Event: 6.677 GC heap after
{Heap after GC invocations=21 (full 0):
 garbage-first heap   total 139264K, used 58832K [0x0000000685c00000, 0x0000000800000000)
  region size 4096K, 1 young (4096K), 1 survivors (4096K)
 Metaspace       used 71504K, committed 72128K, reserved 1114112K
  class space    used 9995K, committed 10304K, reserved 1048576K
}
Event: 6.700 GC heap before
{Heap before GC invocations=21 (full 0):
 garbage-first heap   total 139264K, used 95696K [0x0000000685c00000, 0x0000000800000000)
  region size 4096K, 10 young (40960K), 1 survivors (4096K)
 Metaspace       used 71508K, committed 72128K, reserved 1114112K
  class space    used 9995K, committed 10304K, reserved 1048576K
}
Event: 6.704 GC heap after
{Heap after GC invocations=22 (full 0):
 garbage-first heap   total 188416K, used 73172K [0x0000000685c00000, 0x0000000800000000)
  region size 4096K, 2 young (8192K), 2 survivors (8192K)
 Metaspace       used 71508K, committed 72128K, reserved 1114112K
  class space    used 9995K, committed 10304K, reserved 1048576K
}
Event: 6.749 GC heap before
{Heap before GC invocations=23 (full 0):
 garbage-first heap   total 188416K, used 118228K [0x0000000685c00000, 0x0000000800000000)
  region size 4096K, 14 young (57344K), 2 survivors (8192K)
 Metaspace       used 71508K, committed 72128K, reserved 1114112K
  class space    used 9995K, committed 10304K, reserved 1048576K
}
Event: 6.755 GC heap after
{Heap after GC invocations=24 (full 0):
 garbage-first heap   total 188416K, used 89095K [0x0000000685c00000, 0x0000000800000000)
  region size 4096K, 2 young (8192K), 2 survivors (8192K)
 Metaspace       used 71508K, committed 72128K, reserved 1114112K
  class space    used 9995K, committed 10304K, reserved 1048576K
}
Event: 6.761 GC heap before
{Heap before GC invocations=24 (full 0):
 garbage-first heap   total 188416K, used 93191K [0x0000000685c00000, 0x0000000800000000)
  region size 4096K, 3 young (12288K), 2 survivors (8192K)
 Metaspace       used 71508K, committed 72128K, reserved 1114112K
  class space    used 9995K, committed 10304K, reserved 1048576K
}
Event: 6.765 GC heap after
{Heap after GC invocations=25 (full 0):
 garbage-first heap   total 188416K, used 82882K [0x0000000685c00000, 0x0000000800000000)
  region size 4096K, 1 young (4096K), 1 survivors (4096K)
 Metaspace       used 71508K, committed 72128K, reserved 1114112K
  class space    used 9995K, committed 10304K, reserved 1048576K
}
Event: 6.794 GC heap before
{Heap before GC invocations=25 (full 0):
 garbage-first heap   total 188416K, used 123842K [0x0000000685c00000, 0x0000000800000000)
  region size 4096K, 11 young (45056K), 1 survivors (4096K)
 Metaspace       used 71508K, committed 72128K, reserved 1114112K
  class space    used 9995K, committed 10304K, reserved 1048576K
}
Event: 6.798 GC heap after
{Heap after GC invocations=26 (full 0):
 garbage-first heap   total 188416K, used 96275K [0x0000000685c00000, 0x0000000800000000)
  region size 4096K, 2 young (8192K), 2 survivors (8192K)
 Metaspace       used 71508K, committed 72128K, reserved 1114112K
  class space    used 9995K, committed 10304K, reserved 1048576K
}
Event: 6.824 GC heap before
{Heap before GC invocations=26 (full 0):
 garbage-first heap   total 188416K, used 133139K [0x0000000685c00000, 0x0000000800000000)
  region size 4096K, 11 young (45056K), 2 survivors (8192K)
 Metaspace       used 71509K, committed 72128K, reserved 1114112K
  class space    used 9995K, committed 10304K, reserved 1048576K
}
Event: 6.828 GC heap after
{Heap after GC invocations=27 (full 0):
 garbage-first heap   total 462848K, used 102003K [0x0000000685c00000, 0x0000000800000000)
  region size 4096K, 2 young (8192K), 2 survivors (8192K)
 Metaspace       used 71509K, committed 72128K, reserved 1114112K
  class space    used 9995K, committed 10304K, reserved 1048576K
}
Event: 7.191 GC heap before
{Heap before GC invocations=28 (full 0):
 garbage-first heap   total 409600K, used 274035K [0x0000000685c00000, 0x0000000800000000)
  region size 4096K, 44 young (180224K), 2 survivors (8192K)
 Metaspace       used 72418K, committed 73024K, reserved 1114112K
  class space    used 10108K, committed 10432K, reserved 1048576K
}
Event: 7.195 GC heap after
{Heap after GC invocations=29 (full 0):
 garbage-first heap   total 409600K, used 103881K [0x0000000685c00000, 0x0000000800000000)
  region size 4096K, 2 young (8192K), 2 survivors (8192K)
 Metaspace       used 72418K, committed 73024K, reserved 1114112K
  class space    used 10108K, committed 10432K, reserved 1048576K
}
Event: 7.204 GC heap before
{Heap before GC invocations=29 (full 0):
 garbage-first heap   total 409600K, used 116169K [0x0000000685c00000, 0x0000000800000000)
  region size 4096K, 5 young (20480K), 2 survivors (8192K)
 Metaspace       used 72422K, committed 73024K, reserved 1114112K
  class space    used 10108K, committed 10432K, reserved 1048576K
}
Event: 7.205 GC heap after
{Heap after GC invocations=30 (full 0):
 garbage-first heap   total 409600K, used 97254K [0x0000000685c00000, 0x0000000800000000)
  region size 4096K, 1 young (4096K), 1 survivors (4096K)
 Metaspace       used 72422K, committed 73024K, reserved 1114112K
  class space    used 10108K, committed 10432K, reserved 1048576K
}
Event: 7.348 GC heap before
{Heap before GC invocations=30 (full 0):
 garbage-first heap   total 409600K, used 310246K [0x0000000685c00000, 0x0000000800000000)
  region size 4096K, 53 young (217088K), 1 survivors (4096K)
 Metaspace       used 72424K, committed 73024K, reserved 1114112K
  class space    used 10108K, committed 10432K, reserved 1048576K
}
Event: 7.361 GC heap after
{Heap after GC invocations=31 (full 0):
 garbage-first heap   total 409600K, used 111648K [0x0000000685c00000, 0x0000000800000000)
  region size 4096K, 4 young (16384K), 4 survivors (16384K)
 Metaspace       used 72424K, committed 73024K, reserved 1114112K
  class space    used 10108K, committed 10432K, reserved 1048576K
}

