# JRE version: Java(TM) SE Runtime Environment (17.0.10+11) (build 17.0.10+11-LTS-240)
# Java VM: Java HotSpot(TM) 64-Bit Server VM (17.0.10+11-LTS-240, mixed mode, sharing, tiered, compressed oops, compressed class ptrs, g1 gc, windows-amd64)
GC Precious Log:
 CPUs: 20 total, 20 available
 Memory: 24195M
 Large Page Support: Disabled
 NUMA Support: Disabled
 Compressed Oops: Enabled (Zero based)
 Heap Region Size: 4M
 Heap Min Capacity: 8M
 Heap Initial Capacity: 380M
 Heap Max Capacity: 6052M
 Pre-touch: Disabled
 Parallel Workers: 15
 Concurrent Workers: 4
 Concurrent Refinement Workers: 15
 Periodic GC: Disabled
Heap:
 garbage-first heap   total 151552K, used 60240K [0x0000000685c00000, 0x0000000800000000)
  region size 4096K, 6 young (24576K), 0 survivors (0K)
 Metaspace       used 88447K, committed 89216K, reserved 1179648K
  class space    used 12168K, committed 12544K, reserved 1048576K
GC Heap History (20 events):
Event: 7.115 GC heap before
{Heap before GC invocations=19 (full 0):
 garbage-first heap   total 237568K, used 166332K [0x0000000685c00000, 0x0000000800000000)
  region size 4096K, 34 young (139264K), 3 survivors (12288K)
 Metaspace       used 69579K, committed 70208K, reserved 1114112K
  class space    used 9748K, committed 10048K, reserved 1048576K
}
Event: 7.128 GC heap after
{Heap after GC invocations=20 (full 0):
 garbage-first heap   total 237568K, used 73707K [0x0000000685c00000, 0x0000000800000000)
  region size 4096K, 5 young (20480K), 5 survivors (20480K)
 Metaspace       used 69579K, committed 70208K, reserved 1114112K
  class space    used 9748K, committed 10048K, reserved 1048576K
}
Event: 7.263 GC heap before
{Heap before GC invocations=20 (full 0):
 garbage-first heap   total 237568K, used 159723K [0x0000000685c00000, 0x0000000800000000)
  region size 4096K, 26 young (106496K), 5 survivors (20480K)
 Metaspace       used 71061K, committed 71680K, reserved 1114112K
  class space    used 9944K, committed 10240K, reserved 1048576K
}
Event: 7.271 GC heap after
{Heap after GC invocations=21 (full 0):
 garbage-first heap   total 237568K, used 79905K [0x0000000685c00000, 0x0000000800000000)
  region size 4096K, 2 young (8192K), 2 survivors (8192K)
 Metaspace       used 71061K, committed 71680K, reserved 1114112K
  class space    used 9944K, committed 10240K, reserved 1048576K
}
Event: 8.369 GC heap before
{Heap before GC invocations=21 (full 0):
 garbage-first heap   total 237568K, used 165921K [0x0000000685c00000, 0x0000000800000000)
  region size 4096K, 23 young (94208K), 2 survivors (8192K)
 Metaspace       used 75881K, committed 76480K, reserved 1179648K
  class space    used 10580K, committed 10880K, reserved 1048576K
}
Event: 8.375 GC heap after
{Heap after GC invocations=22 (full 0):
 garbage-first heap   total 380928K, used 82963K [0x0000000685c00000, 0x0000000800000000)
  region size 4096K, 3 young (12288K), 3 survivors (12288K)
 Metaspace       used 75881K, committed 76480K, reserved 1179648K
  class space    used 10580K, committed 10880K, reserved 1048576K
}
Event: 301.614 GC heap before
{Heap before GC invocations=22 (full 0):
 garbage-first heap   total 380928K, used 193555K [0x0000000685c00000, 0x0000000800000000)
  region size 4096K, 31 young (126976K), 3 survivors (12288K)
 Metaspace       used 86032K, committed 86720K, reserved 1179648K
  class space    used 12025K, committed 12352K, reserved 1048576K
}
Event: 301.659 GC heap after
{Heap after GC invocations=23 (full 1):
 garbage-first heap   total 180224K, used 39457K [0x0000000685c00000, 0x0000000800000000)
  region size 4096K, 0 young (0K), 0 survivors (0K)
 Metaspace       used 86019K, committed 86720K, reserved 1179648K
  class space    used 12022K, committed 12352K, reserved 1048576K
}
Event: 301.671 GC heap before
{Heap before GC invocations=23 (full 1):
 garbage-first heap   total 180224K, used 39457K [0x0000000685c00000, 0x0000000800000000)
  region size 4096K, 1 young (4096K), 0 survivors (0K)
 Metaspace       used 86019K, committed 86720K, reserved 1179648K
  class space    used 12022K, committed 12352K, reserved 1048576K
}
Event: 301.703 GC heap after
{Heap after GC invocations=24 (full 2):
 garbage-first heap   total 163840K, used 39441K [0x0000000685c00000, 0x0000000800000000)
  region size 4096K, 0 young (0K), 0 survivors (0K)
 Metaspace       used 86019K, committed 86720K, reserved 1179648K
  class space    used 12022K, committed 12352K, reserved 1048576K
}
Event: 302.552 GC heap before
{Heap before GC invocations=24 (full 2):
 garbage-first heap   total 163840K, used 109073K [0x0000000685c00000, 0x0000000800000000)
  region size 4096K, 17 young (69632K), 0 survivors (0K)
 Metaspace       used 86757K, committed 87488K, reserved 1179648K
  class space    used 12077K, committed 12416K, reserved 1048576K
}
Event: 302.555 GC heap after
{Heap after GC invocations=25 (full 2):
 garbage-first heap   total 163840K, used 45446K [0x0000000685c00000, 0x0000000800000000)
  region size 4096K, 2 young (8192K), 2 survivors (8192K)
 Metaspace       used 86757K, committed 87488K, reserved 1179648K
  class space    used 12077K, committed 12416K, reserved 1048576K
}
Event: 303.870 GC heap before
{Heap before GC invocations=25 (full 2):
 garbage-first heap   total 163840K, used 110982K [0x0000000685c00000, 0x0000000800000000)
  region size 4096K, 18 young (73728K), 2 survivors (8192K)
 Metaspace       used 87892K, committed 88576K, reserved 1179648K
  class space    used 12138K, committed 12480K, reserved 1048576K
}
Event: 303.872 GC heap after
{Heap after GC invocations=26 (full 2):
 garbage-first heap   total 163840K, used 48232K [0x0000000685c00000, 0x0000000800000000)
  region size 4096K, 3 young (12288K), 3 survivors (12288K)
 Metaspace       used 87892K, committed 88576K, reserved 1179648K
  class space    used 12138K, committed 12480K, reserved 1048576K
}
Event: 304.181 GC heap before
{Heap before GC invocations=26 (full 2):
 garbage-first heap   total 163840K, used 113768K [0x0000000685c00000, 0x0000000800000000)
  region size 4096K, 19 young (77824K), 3 survivors (12288K)
 Metaspace       used 88364K, committed 89152K, reserved 1179648K
  class space    used 12161K, committed 12544K, reserved 1048576K
}
Event: 304.183 GC heap after
{Heap after GC invocations=27 (full 2):
 garbage-first heap   total 163840K, used 50553K [0x0000000685c00000, 0x0000000800000000)
  region size 4096K, 2 young (8192K), 2 survivors (8192K)
 Metaspace       used 88364K, committed 89152K, reserved 1179648K
  class space    used 12161K, committed 12544K, reserved 1048576K
}
Event: 309.973 GC heap before
{Heap before GC invocations=27 (full 2):
 garbage-first heap   total 163840K, used 54649K [0x0000000685c00000, 0x0000000800000000)
  region size 4096K, 4 young (16384K), 2 survivors (8192K)
 Metaspace       used 88382K, committed 89152K, reserved 1179648K
  class space    used 12163K, committed 12544K, reserved 1048576K
}
Event: 310.019 GC heap after
{Heap after GC invocations=28 (full 3):
 garbage-first heap   total 163840K, used 39760K [0x0000000685c00000, 0x0000000800000000)
  region size 4096K, 0 young (0K), 0 survivors (0K)
 Metaspace       used 88350K, committed 89152K, reserved 1179648K
  class space    used 12160K, committed 12544K, reserved 1048576K
}
Event: 310.022 GC heap before
{Heap before GC invocations=28 (full 3):
 garbage-first heap   total 163840K, used 39760K [0x0000000685c00000, 0x0000000800000000)
  region size 4096K, 1 young (4096K), 0 survivors (0K)
 Metaspace       used 88350K, committed 89152K, reserved 1179648K
  class space    used 12160K, committed 12544K, reserved 1048576K
}
Event: 310.054 GC heap after
{Heap after GC invocations=29 (full 4):
 garbage-first heap   total 151552K, used 39760K [0x0000000685c00000, 0x0000000800000000)
  region size 4096K, 0 young (0K), 0 survivors (0K)
 Metaspace       used 88350K, committed 89152K, reserved 1179648K
  class space    used 12160K, committed 12544K, reserved 1048576K
}

